<?xml version="1.0" encoding="UTF-8"?>
<testsuites name="New Test Suite" time="123" tests="2" failures="0" errors="0">
   <testsuite name="New Test Suite" tests="2" failures="0" errors="0" time="123" timestamp="2018-12-05 11:27:46" hostname="ssengupta064 - ssengupta06486.us.nam.ad.pwcinternal.com" id="Test Suites/New Test Suite">
      <properties>
         <property name="deviceName" value=""/>
         <property name="devicePlatform" value=""/>
         <property name="logFolder" value="C:\\Users\\ssengupta064\\git\\Project\\Reports\\New Test Suite\\20181205_112736"/>
         <property name="logFiles" value="C:\\Users\\ssengupta064\\git\\Project\\Reports\\New Test Suite\\20181205_112736\\execution0.log"/>
         <property name="attachments" value=""/>
         <property name="hostName" value="ssengupta064 - ssengupta06486.us.nam.ad.pwcinternal.com"/>
         <property name="os" value="Windows 10 64bit"/>
         <property name="katalonVersion" value="5.9.1.2"/>
         <property name="browser" value="Firefox 63.0"/>
         <property name="hostAddress" value="172.16.122.250"/>
         <property name="sessionId" value="d62e7af4-2c01-445d-b5d1-f422c550f5c8"/>
         <property name="seleniumVersion" value="3.7.1"/>
         <property name="proxyInformation" value="ProxyInformation{proxyOption=NO_PROXY, proxyServerType=HTTP, password=, proxyServerAddress=, proxyServerPort=0}"/>
         <property name="platform" value="Windows 10"/>
      </properties>
      <testcase name="Test Cases/TestCaseWikipedia" classname="Test Cases/TestCaseWikipedia" status="PASSED">
         <system-out><![CDATA[2018-12-05 11:27:47 - [TEST_CASE][PASSED] - Test Cases/TestCaseWikipedia: Test Cases/TestCaseWikipedia

2018-12-05 11:27:49 - [TEST_STEP][PASSED] - openBrowser(""): Browser is opened with url: ''

2018-12-05 11:27:51 - [MESSAGE][INFO] - Starting 'Firefox' driver

2018-12-05 11:27:51 - [MESSAGE][INFO] - Action delay is set to 0 seconds

2018-12-05 11:28:23 - [MESSAGE][PASSED] - Browser is opened with url: ''

2018-12-05 11:28:23 - [TEST_STEP][PASSED] - navigateToUrl("https://www.wikipedia.org/"): Navigate to 'https://www.wikipedia.org/' successfully

2018-12-05 11:28:25 - [MESSAGE][PASSED] - Navigate to 'https://www.wikipedia.org/' successfully

2018-12-05 11:28:25 - [TEST_STEP][PASSED] - setText(findTestObject("Page_Wikipedia/input_Search Wikipedia_search"), "India population"): Text 'India population' is set on object 'Object Repository/Page_Wikipedia/input_Search Wikipedia_search'

2018-12-05 11:28:26 - [MESSAGE][PASSED] - Text 'India population' is set on object 'Object Repository/Page_Wikipedia/input_Search Wikipedia_search'

2018-12-05 11:28:26 - [TEST_STEP][PASSED] - click(findTestObject("Page_Wikipedia/button_Search")): Object: 'Object Repository/Page_Wikipedia/button_Search' is clicked on

2018-12-05 11:28:32 - [MESSAGE][PASSED] - Object: 'Object Repository/Page_Wikipedia/button_Search' is clicked on

2018-12-05 11:28:32 - [TEST_STEP][PASSED] - text = getText(findTestObject("Page_Demographics of India - Wikipe/td_1324171354 (2016 est.)1")): Text of object 'Object Repository/Page_Demographics of India - Wikipe/td_1324171354 (2016 est.)1' is: '1,324,171,354 (2016 est.)[1]'

2018-12-05 11:28:32 - [MESSAGE][PASSED] - Text of object 'Object Repository/Page_Demographics of India - Wikipe/td_1324171354 (2016 est.)1' is: '1,324,171,354 (2016 est.)[1]']]></system-out>
         <system-err><![CDATA[]]></system-err>
      </testcase>
      <testcase name="Test Cases/TestCaseGoogle" classname="Test Cases/TestCaseGoogle" status="PASSED">
         <system-out><![CDATA[2018-12-05 11:28:32 - [TEST_CASE][PASSED] - Test Cases/TestCaseGoogle: Test Cases/TestCaseGoogle

2018-12-05 11:28:33 - [TEST_STEP][PASSED] - openBrowser(""): Browser is opened with url: ''

2018-12-05 11:28:33 - [MESSAGE][WARNING] - A browser is already opened. Closing browser and opening a new one

2018-12-05 11:28:44 - [MESSAGE][INFO] - Starting 'Firefox' driver

2018-12-05 11:29:02 - [MESSAGE][PASSED] - Browser is opened with url: ''

2018-12-05 11:29:02 - [TEST_STEP][PASSED] - navigateToUrl("https://www.google.com/?gws_rd=ssl"): Navigate to 'https://www.google.com/?gws_rd=ssl' successfully

2018-12-05 11:29:07 - [MESSAGE][PASSED] - Navigate to 'https://www.google.com/?gws_rd=ssl' successfully

2018-12-05 11:29:07 - [TEST_STEP][PASSED] - setText(findTestObject("Object Repository/Page_Google/input_Sign in_q"), "India population"): Text 'India population' is set on object 'Object Repository/Page_Google/input_Sign in_q'

2018-12-05 11:29:08 - [MESSAGE][PASSED] - Text 'India population' is set on object 'Object Repository/Page_Google/input_Sign in_q'

2018-12-05 11:29:08 - [TEST_STEP][PASSED] - waitForElementPresent(findTestObject("Page_Google/input_Remove_btnK"), 30): Object 'Object Repository/Page_Google/input_Remove_btnK' is present

2018-12-05 11:29:08 - [MESSAGE][PASSED] - Object 'Object Repository/Page_Google/input_Remove_btnK' is present

2018-12-05 11:29:08 - [TEST_STEP][PASSED] - doubleClick(findTestObject("Object Repository/Page_Google/input_Remove_btnK")): Object: 'Object Repository/Page_Google/input_Remove_btnK' is double clicked on

2018-12-05 11:29:08 - [MESSAGE][PASSED] - Object: 'Object Repository/Page_Google/input_Remove_btnK' is double clicked on

2018-12-05 11:29:08 - [TEST_STEP][PASSED] - waitForPageLoad(30): Wait for page load successfully

2018-12-05 11:29:08 - [MESSAGE][PASSED] - Wait for page load successfully

2018-12-05 11:29:08 - [TEST_STEP][PASSED] - text = getText(findTestObject("Object Repository/Page_India population - Google Sear/div_133.92 crores (2017)")): Text of object 'Object Repository/Page_India population - Google Sear/div_133.92 crores (2017)' is: '133.92 crores (2017)'

2018-12-05 11:29:10 - [MESSAGE][PASSED] - Text of object 'Object Repository/Page_India population - Google Sear/div_133.92 crores (2017)' is: '133.92 crores (2017)']]></system-out>
         <system-err><![CDATA[]]></system-err>
      </testcase>
      <system-out><![CDATA[2018-12-05 11:27:46 - [TEST_SUITE][PASSED] - New Test Suite: Test Cases/TestCaseGoogle]]></system-out>
      <system-err><![CDATA[]]></system-err>
   </testsuite>
</testsuites>
